<?xml version="1.0" encoding="UTF-8"?>
<testsuite xmlns:xsi="http://www.w3.org/2001/XMLSchema-instance" xsi:noNamespaceSchemaLocation="https://maven.apache.org/surefire/maven-surefire-plugin/xsd/surefire-test-report-3.0.xsd" version="3.0" name="apiTest.nextBirthdayAPITest" time="3.957" tests="4" errors="0" skipped="0" failures="4">
  <properties>
[...]
</properties>
  <testcase name="testNextBirthdayInHours" classname="apiTest.nextBirthdayAPITest" time="2.258">
    <failure type="org.opentest4j.AssertionFailedError"><![CDATA[org.opentest4j.AssertionFailedError: expected: <2616 hours left> but was: <3744 hours left>
	at apiTest.nextBirthdayAPITest.testNextBirthdayInHours(nextBirthdayAPITest.java:25)
]]></failure>
  </testcase>
  <testcase name="testNextBirthdayInWeeks" classname="apiTest.nextBirthdayAPITest" time="0.566">
    <failure type="org.opentest4j.AssertionFailedError"><![CDATA[org.opentest4j.AssertionFailedError: expected: <15 weeks left> but was: <22 weeks left>
	at apiTest.nextBirthdayAPITest.testNextBirthdayInWeeks(nextBirthdayAPITest.java:49)
]]></failure>
  </testcase>
  <testcase name="testNextBirthdayInDays" classname="apiTest.nextBirthdayAPITest" time="0.509">
    <failure type="org.opentest4j.AssertionFailedError"><![CDATA[org.opentest4j.AssertionFailedError: expected: <109 days left> but was: <156 days left>
	at apiTest.nextBirthdayAPITest.testNextBirthdayInDays(nextBirthdayAPITest.java:37)
]]></failure>
  </testcase>
  <testcase name="testNextBirthdayInMonths" classname="apiTest.nextBirthdayAPITest" time="0.308">
    <failure type="org.opentest4j.AssertionFailedError"><![CDATA[org.opentest4j.AssertionFailedError: expected: <3 months left> but was: <5 months left>
	at apiTest.nextBirthdayAPITest.testNextBirthdayInMonths(nextBirthdayAPITest.java:61)
]]></failure>
  </testcase>
</testsuite>